<?xml version="1.0" encoding="UTF-8"?>
<!-- Generated by org.testng.reporters.JUnitReportReporter -->
<testsuite hostname="LAPTOP-RI052D80" failures="0" tests="1" name="practice.DatePickerDemo" time="3.955" errors="0" timestamp="2021-06-25T13:34:15 IST" skipped="0">
  <testcase classname="practice.DatePickerDemo" name="date" time="3.955"/>
  <system-out/>
</testsuite> <!-- practice.DatePickerDemo -->
