<?xml version="1.0" encoding="UTF-8"?>
<!-- Generated by org.testng.reporters.JUnitReportReporter -->
<testsuite hostname="LAPTOP-RI052D80" failures="0" tests="1" name="practice.HomePageWindowsTest" time="5.661" errors="0" timestamp="2021-07-06T09:52:13 IST" skipped="0">
  <testcase classname="practice.HomePageWindowsTest" name="windowsMultiple" time="5.661"/>
  <system-out/>
</testsuite> <!-- practice.HomePageWindowsTest -->
