<?xml version="1.0" encoding="UTF-8"?>
<!-- Generated by org.testng.reporters.JUnitReportReporter -->
<testsuite hostname="LAPTOP-RI052D80" failures="0" tests="1" name="practice.AlertPractice" time="2.182" errors="0" timestamp="2021-06-25T13:34:15 IST" skipped="0">
  <testcase classname="practice.AlertPractice" name="alertDemo" time="2.182"/>
  <system-out/>
</testsuite> <!-- practice.AlertPractice -->
