<?xml version="1.0" encoding="UTF-8"?>
<!-- Generated by org.testng.reporters.JUnitReportReporter -->
<testsuite hostname="LAPTOP-RI052D80" failures="0" tests="2" name="practice.ActionsTest" time="4.585" errors="0" timestamp="2021-07-05T16:20:37 IST" skipped="0">
  <testcase classname="practice.ActionsTest" name="fileUploadDemo" time="4.575"/>
  <system-out/>
  <testcase classname="practice.ActionsTest" name="demo" time="0.010"/>
  <system-out/>
</testsuite> <!-- practice.ActionsTest -->
