<?xml version="1.0" encoding="UTF-8"?>
<!-- Generated by org.testng.reporters.JUnitReportReporter -->
<testsuite hostname="LAPTOP-RI052D80" failures="0" tests="1" name="practice.DropDownTest" time="1.420" errors="0" timestamp="2021-07-06T12:21:43 IST" skipped="0">
  <testcase classname="practice.DropDownTest" name="dropDownDemo" time="1.420"/>
  <system-out/>
</testsuite> <!-- practice.DropDownTest -->
