<?xml version="1.0" encoding="UTF-8"?>
<!-- Generated by org.testng.reporters.JUnitReportReporter -->
<testsuite hostname="LAPTOP-RI052D80" failures="0" tests="1" name="practice.SliderTest" time="0.529" errors="0" timestamp="2021-07-06T12:21:43 IST" skipped="0">
  <testcase classname="practice.SliderTest" name="slideDemo" time="0.529"/>
  <system-out/>
</testsuite> <!-- practice.SliderTest -->
